1 e0: 38675.019531
-------------   mean H 0.349153 -----------
		1 4359.571777 0.000289
-------------   mean H 0.370531 -----------
		2 4092.182373 0.000433
2 e0: 4092.182373
-------------   mean H 0.368415 -----------
		1 3598.086182 0.000289
-------------   mean H 0.367895 -----------
		2 3475.116699 0.000433
3 e0: 3475.116699
-------------   mean H 0.367532 -----------
		1 3392.864014 0.000289
-------------   mean H 0.367452 -----------
		2 3362.317627 0.000433
4 e0: 3362.317627
-------------   mean H 0.367519 -----------
		1 3326.131592 0.000289
-------------   mean H 0.367593 -----------
		2 3311.395752 0.000433
5 e0: 3311.395752
-------------   mean H 0.367857 -----------
		1 3290.351807 0.000289
-------------   mean H 0.368015 -----------
		2 3281.342529 0.000433
6 e0: 3281.342529
-------------   mean H 0.368411 -----------
		1 3267.352295 0.000289
-------------   mean H 0.368617 -----------
		2 3261.288574 0.000433
7 e0: 3261.288574
-------------   mean H 0.369097 -----------
		1 3251.161377 0.000289
-------------   mean H 0.369350 -----------
		2 3246.628418 0.000433
8 e0: 3246.628418
-------------   mean H 0.369891 -----------
		1 3238.499268 0.000289
-------------   mean H 0.370175 -----------
		2 3234.747803 0.000433
9 e0: 3234.747803
-------------   mean H 0.370762 -----------
		1 3227.791260 0.000289
-------------   mean H 0.371063 -----------
		2 3224.508789 0.000433
10 e0: 3224.508789
-------------   mean H 0.371661 -----------
		1 3218.369141 0.000289
-------------   mean H 0.371963 -----------
		2 3215.439209 0.000433
11 e0: 3215.439209
-------------   mean H 0.372559 -----------
		1 3209.919189 0.000289
-------------   mean H 0.372860 -----------
		2 3207.257568 0.000433
12 e0: 3207.257568
-------------   mean H 0.373449 -----------
		1 3202.249512 0.000289
-------------   mean H 0.373742 -----------
		2 3199.822998 0.000433
13 e0: 3199.822998
-------------   mean H 0.374319 -----------
		1 3195.234619 0.000289
-------------   mean H 0.374607 -----------
		2 3193.002930 0.000433
14 e0: 3193.002930
-------------   mean H 0.375174 -----------
		1 3188.771484 0.000289
-------------   mean H 0.375455 -----------
		2 3186.709473 0.000433
15 e0: 3186.709473
-------------   mean H 0.376000 -----------
		1 3182.801758 0.000289
-------------   mean H 0.376276 -----------
		2 3180.887207 0.000433
16 e0: 3180.887207
-------------   mean H 0.376810 -----------
		1 3177.259277 0.000289
-------------   mean H 0.377081 -----------
		2 3175.484619 0.000433
